<?xml version="1.0" encoding="UTF-8"?>
<testng-results skipped="0" failed="0" total="1" passed="1">
  <reporter-output>
  </reporter-output>
  <suite name="Default suite" duration-ms="35598" started-at="2021-02-04T12:52:22Z" finished-at="2021-02-04T12:52:57Z">
    <groups>
    </groups>
    <test name="Default test" duration-ms="35598" started-at="2021-02-04T12:52:22Z" finished-at="2021-02-04T12:52:57Z">
      <class name="allClassFilesPackage.Test2_SwagDemo">
        <test-method status="PASS" signature="swagLogin()[pri:0, instance:allClassFilesPackage.Test2_SwagDemo@66a3ffec]" name="swagLogin" duration-ms="35567" started-at="2021-02-04T18:22:22Z" finished-at="2021-02-04T18:22:57Z">
          <reporter-output>
          </reporter-output>
        </test-method> <!-- swagLogin -->
      </class> <!-- allClassFilesPackage.Test2_SwagDemo -->
    </test> <!-- Default test -->
  </suite> <!-- Default suite -->
</testng-results>
